<?xml version="1.0" encoding="UTF-8"?>
<testsuite xmlns:xsi="http://www.w3.org/2001/XMLSchema-instance" xsi:schemaLocation="https://maven.apache.org/surefire/maven-surefire-plugin/xsd/surefire-test-report.xsd" name="ua.lviv.iot.PetStoreTest" time="0.022" tests="6" errors="0" skipped="0" failures="0">
  <properties>
[...]
</properties>
  <testcase name="sortByNumberOfFood" classname="ua.lviv.iot.PetStoreTest" time="0.008"/>
  <testcase name="addPet" classname="ua.lviv.iot.PetStoreTest" time="0.002"/>
  <testcase name="testSearchPetByType" classname="ua.lviv.iot.PetStoreTest" time="0.001"/>
  <testcase name="writerTest" classname="ua.lviv.iot.PetStoreTest" time="0.003"/>
  <testcase name="sortByFoodType" classname="ua.lviv.iot.PetStoreTest" time="0.001"/>
  <testcase name="testSearchPetByTypeSortedByFoodType" classname="ua.lviv.iot.PetStoreTest" time="0.001"/>
</testsuite>